<?xml version="1.0" encoding="UTF-8"?>
<testsuite xmlns:xsi="http://www.w3.org/2001/XMLSchema-instance" xsi:noNamespaceSchemaLocation="https://maven.apache.org/surefire/maven-surefire-plugin/xsd/surefire-test-report.xsd" name="BlackBox.SortAlgorithmBlackBoxTest" time="0.059" tests="11" errors="0" skipped="0" failures="0">
  <properties>
[...]
</properties>
  <testcase name="singleInputTest" classname="BlackBox.SortAlgorithmBlackBoxTest" time="0.009"/>
  <testcase name="dummyTest" classname="BlackBox.SortAlgorithmBlackBoxTest" time="0.01"/>
  <testcase name="duplicateTest" classname="BlackBox.SortAlgorithmBlackBoxTest" time="0.002"/>
  <testcase name="maxValueInputTest" classname="BlackBox.SortAlgorithmBlackBoxTest" time="0"/>
  <testcase name="nullInputTest" classname="BlackBox.SortAlgorithmBlackBoxTest" time="0"/>
  <testcase name="sorted" classname="BlackBox.SortAlgorithmBlackBoxTest" time="0.002"/>
  <testcase name="emptyInputTest" classname="BlackBox.SortAlgorithmBlackBoxTest" time="0"/>
  <testcase name="minValueInputTest" classname="BlackBox.SortAlgorithmBlackBoxTest" time="0.002"/>
  <testcase name="putItemToRight" classname="BlackBox.SortAlgorithmBlackBoxTest" time="0"/>
  <testcase name="newTest1" classname="BlackBox.SortAlgorithmBlackBoxTest" time="0.008"/>
  <testcase name="newTest2" classname="BlackBox.SortAlgorithmBlackBoxTest" time="0"/>
</testsuite>