<?xml version="1.0" encoding="UTF-8"?>
<testsuite xmlns:xsi="http://www.w3.org/2001/XMLSchema-instance" xsi:noNamespaceSchemaLocation="https://maven.apache.org/surefire/maven-surefire-plugin/xsd/surefire-test-report.xsd" name="BlackBox.LruCacheBlackBoxTest" time="0.111" tests="14" errors="0" skipped="0" failures="0">
  <properties>
[...]
</properties>
  <testcase name="testGetSameKeyMultipleTimes" classname="BlackBox.LruCacheBlackBoxTest" time="0.086"/>
  <testcase name="testGetKeyNotExist" classname="BlackBox.LruCacheBlackBoxTest" time="0"/>
  <testcase name="dummyTest" classname="BlackBox.LruCacheBlackBoxTest" time="0.001"/>
  <testcase name="testPutTwoElemSmallerThanCapacity" classname="BlackBox.LruCacheBlackBoxTest" time="0"/>
  <testcase name="testPutCapacityZero" classname="BlackBox.LruCacheBlackBoxTest" time="0"/>
  <testcase name="dummyTest2" classname="BlackBox.LruCacheBlackBoxTest" time="0"/>
  <testcase name="testPutThreeElemGreaterThanCapacityOne" classname="BlackBox.LruCacheBlackBoxTest" time="0.001"/>
  <testcase name="testPutThreeElemGreaterThanCapacityTwo" classname="BlackBox.LruCacheBlackBoxTest" time="0"/>
  <testcase name="Test3" classname="BlackBox.LruCacheBlackBoxTest" time="0"/>
  <testcase name="Test4" classname="BlackBox.LruCacheBlackBoxTest" time="0"/>
  <testcase name="Test5" classname="BlackBox.LruCacheBlackBoxTest" time="0.002"/>
  <testcase name="testPutTwoElemEqualsCapacity" classname="BlackBox.LruCacheBlackBoxTest" time="0"/>
  <testcase name="testPutOneElemSmallerThanCapacity" classname="BlackBox.LruCacheBlackBoxTest" time="0"/>
  <testcase name="testLargeInput" classname="BlackBox.LruCacheBlackBoxTest" time="0.005"/>
</testsuite>